<?xml version="1.0" encoding="UTF-8"?>
<testng-results ignored="0" total="1" passed="1" failed="0" skipped="0">
  <reporter-output>
  </reporter-output>
  <suite started-at="2019-06-18T08:44:31Z" name="Default suite" finished-at="2019-06-18T08:45:39Z" duration-ms="68145">
    <groups>
    </groups>
    <test started-at="2019-06-18T08:44:31Z" name="Default test" finished-at="2019-06-18T08:45:39Z" duration-ms="68145">
      <class name="pageFactory.TestCaseFactory">
        <test-method signature="verifyValidLogin()[pri:0, instance:pageFactory.TestCaseFactory@17c1bced]" started-at="2019-06-18T08:44:31Z" name="verifyValidLogin" finished-at="2019-06-18T08:45:39Z" duration-ms="68070" status="PASS">
          <reporter-output>
          </reporter-output>
        </test-method> <!-- verifyValidLogin -->
      </class> <!-- pageFactory.TestCaseFactory -->
    </test> <!-- Default test -->
  </suite> <!-- Default suite -->
</testng-results>
